2023-08-06 00:44:25.703590 - Initialized conversion of CBT077
2023-08-06 00:44:26.479913 - Received CBT.V505.FILE077.PDS from FILE077.XMI 
2023-08-06 00:44:26.482425 - Found $.txt (text/plain) in CBT.V505.FILE077.PDS, moved to PDS/$
2023-08-06 00:44:26.483557 - Found $$.jcl (text/plain) in CBT.V505.FILE077.PDS, moved to PDS/$$
2023-08-06 00:44:26.484585 - Found $$$#DATE.txt (text/plain) in CBT.V505.FILE077.PDS, moved to PDS/$$$#DATE
2023-08-06 00:44:26.485515 - Found $$$DOC.txt (text/plain) in CBT.V505.FILE077.PDS, moved to PDS/$$$DOC
2023-08-06 00:44:26.486485 - Found @FILE077.txt (text/plain) in CBT.V505.FILE077.PDS, moved to PDS/@FILE077
2023-08-06 00:44:26.487424 - Found APFLIST.jcl (text/plain) in CBT.V505.FILE077.PDS, moved to PDS/APFLIST
2023-08-06 00:44:26.488354 - Found AUTO.jcl (text/plain) in CBT.V505.FILE077.PDS, moved to PDS/AUTO
2023-08-06 00:44:26.489265 - Found AUTOJCL.txt (text/plain) in CBT.V505.FILE077.PDS, moved to PDS/AUTOJCL
2023-08-06 00:44:26.490148 - Found BACKEND.txt (text/plain) in CBT.V505.FILE077.PDS, moved to PDS/BACKEND
2023-08-06 00:44:26.491006 - Found BRODSCAN.txt (text/plain) in CBT.V505.FILE077.PDS, moved to PDS/BRODSCAN
2023-08-06 00:44:26.491872 - Found BRODSCN@.jcl (text/plain) in CBT.V505.FILE077.PDS, moved to PDS/BRODSCN@
2023-08-06 00:44:26.492854 - Found CANCELO$.jcl (text/plain) in CBT.V505.FILE077.PDS, moved to PDS/CANCELO$
2023-08-06 00:44:26.493761 - Found CANCELOK.txt (text/plain) in CBT.V505.FILE077.PDS, moved to PDS/CANCELOK
2023-08-06 00:44:26.494620 - Found CANCELPR.txt (text/plain) in CBT.V505.FILE077.PDS, moved to PDS/CANCELPR
2023-08-06 00:44:26.495543 - Found CATALOG.txt (text/plain) in CBT.V505.FILE077.PDS, moved to PDS/CATALOG
2023-08-06 00:44:26.496502 - Found CATALOG$.jcl (text/plain) in CBT.V505.FILE077.PDS, moved to PDS/CATALOG$
2023-08-06 00:44:26.497439 - Found CATALOGH.txt (text/plain) in CBT.V505.FILE077.PDS, moved to PDS/CATALOGH
2023-08-06 00:44:26.498469 - Found COMMAND.jcl (text/plain) in CBT.V505.FILE077.PDS, moved to PDS/COMMAND
2023-08-06 00:44:26.499397 - Found DATE.txt (text/plain) in CBT.V505.FILE077.PDS, moved to PDS/DATE
2023-08-06 00:44:26.500304 - Found DATE$.jcl (text/plain) in CBT.V505.FILE077.PDS, moved to PDS/DATE$
2023-08-06 00:44:26.501173 - Found DCPU$.jcl (text/plain) in CBT.V505.FILE077.PDS, moved to PDS/DCPU$
2023-08-06 00:44:26.502123 - Found DEBE.txt (text/plain) in CBT.V505.FILE077.PDS, moved to PDS/DEBE
2023-08-06 00:44:26.503052 - Found DEBE$.jcl (text/plain) in CBT.V505.FILE077.PDS, moved to PDS/DEBE$
2023-08-06 00:44:26.503916 - Found DEBEPROC.txt (text/plain) in CBT.V505.FILE077.PDS, moved to PDS/DEBEPROC
2023-08-06 00:44:26.504778 - Found DISKSEE$.jcl (text/plain) in CBT.V505.FILE077.PDS, moved to PDS/DISKSEE$
2023-08-06 00:44:26.505785 - Found DISKSEEK.txt (text/plain) in CBT.V505.FILE077.PDS, moved to PDS/DISKSEEK
2023-08-06 00:44:26.506728 - Found DISKTEST.txt (text/plain) in CBT.V505.FILE077.PDS, moved to PDS/DISKTEST
2023-08-06 00:44:26.507588 - Found DISKTST$.jcl (text/plain) in CBT.V505.FILE077.PDS, moved to PDS/DISKTST$
2023-08-06 00:44:26.508448 - Found DISKTST#.jcl (text/plain) in CBT.V505.FILE077.PDS, moved to PDS/DISKTST#
2023-08-06 00:44:26.509395 - Found DISPLA$.jcl (text/plain) in CBT.V505.FILE077.PDS, moved to PDS/DISPLA$
2023-08-06 00:44:26.510402 - Found DISPLAY.txt (text/plain) in CBT.V505.FILE077.PDS, moved to PDS/DISPLAY
2023-08-06 00:44:26.511311 - Found DISPLAYH.txt (text/plain) in CBT.V505.FILE077.PDS, moved to PDS/DISPLAYH
2023-08-06 00:44:26.512153 - Found DYNABLD$.jcl (text/plain) in CBT.V505.FILE077.PDS, moved to PDS/DYNABLD$
2023-08-06 00:44:26.512161 - Found DYNABLDL.bin containing application/octet-stream, moved to PDS/DYNABLDL
2023-08-06 00:44:26.515204 - Found DYNAMAS$.txt (text/plain) in CBT.V505.FILE077.PDS, moved to PDS/DYNAMAS$
2023-08-06 00:44:26.516428 - Found DYNAMASK.txt (text/plain) in CBT.V505.FILE077.PDS, moved to PDS/DYNAMASK
2023-08-06 00:44:26.517427 - Found ILRBIRD.txt (text/plain) in CBT.V505.FILE077.PDS, moved to PDS/ILRBIRD
2023-08-06 00:44:26.518405 - Found ILRBIRD$.jcl (text/plain) in CBT.V505.FILE077.PDS, moved to PDS/ILRBIRD$
2023-08-06 00:44:26.519285 - Found INSTREA$.jcl (text/plain) in CBT.V505.FILE077.PDS, moved to PDS/INSTREA$
2023-08-06 00:44:26.520167 - Found INSTREAM.txt (text/plain) in CBT.V505.FILE077.PDS, moved to PDS/INSTREAM
2023-08-06 00:44:26.521293 - Found KERMITT.txt (text/plain) in CBT.V505.FILE077.PDS, moved to PDS/KERMITT
2023-08-06 00:44:26.522170 - Found KERMITT$.jcl (text/plain) in CBT.V505.FILE077.PDS, moved to PDS/KERMITT$
2023-08-06 00:44:26.523173 - Found KILL.txt (text/plain) in CBT.V505.FILE077.PDS, moved to PDS/KILL
2023-08-06 00:44:26.524065 - Found KILL$.jcl (text/plain) in CBT.V505.FILE077.PDS, moved to PDS/KILL$
2023-08-06 00:44:26.524946 - Found LOCATE.txt (text/plain) in CBT.V505.FILE077.PDS, moved to PDS/LOCATE
2023-08-06 00:44:26.525781 - Found LOCATE$.jcl (text/plain) in CBT.V505.FILE077.PDS, moved to PDS/LOCATE$
2023-08-06 00:44:26.526935 - Found MEMBER.txt (text/plain) in CBT.V505.FILE077.PDS, moved to PDS/MEMBER
2023-08-06 00:44:26.527791 - Found MINIGEN.jcl (text/plain) in CBT.V505.FILE077.PDS, moved to PDS/MINIGEN
2023-08-06 00:44:26.528911 - Found OSDEBE2.txt (text/plain) in CBT.V505.FILE077.PDS, moved to PDS/OSDEBE2
2023-08-06 00:44:26.529946 - Found SHOWSS.txt (text/plain) in CBT.V505.FILE077.PDS, moved to PDS/SHOWSS
2023-08-06 00:44:26.530863 - Found SHOWSS$.jcl (text/plain) in CBT.V505.FILE077.PDS, moved to PDS/SHOWSS$
2023-08-06 00:44:26.531937 - Found SWAP.txt (text/plain) in CBT.V505.FILE077.PDS, moved to PDS/SWAP
2023-08-06 00:44:26.532864 - Found SWAP$.jcl (text/plain) in CBT.V505.FILE077.PDS, moved to PDS/SWAP$
2023-08-06 00:44:26.533820 - Found SYSTEM.txt (text/plain) in CBT.V505.FILE077.PDS, moved to PDS/SYSTEM
2023-08-06 00:44:26.534682 - Found SYSTEM$.jcl (text/plain) in CBT.V505.FILE077.PDS, moved to PDS/SYSTEM$
2023-08-06 00:44:26.535511 - Found VOLCH$.jcl (text/plain) in CBT.V505.FILE077.PDS, moved to PDS/VOLCH$
2023-08-06 00:44:26.536328 - Found VOLCHEC#.jcl (text/plain) in CBT.V505.FILE077.PDS, moved to PDS/VOLCHEC#
2023-08-06 00:44:26.537284 - Found VOLCHECK.txt (text/plain) in CBT.V505.FILE077.PDS, moved to PDS/VOLCHECK
2023-08-06 00:44:26.538174 - Found VTAMCHK.txt (text/plain) in CBT.V505.FILE077.PDS, moved to PDS/VTAMCHK
2023-08-06 00:44:26.539083 - Found VTAMCHK$.jcl (text/plain) in CBT.V505.FILE077.PDS, moved to PDS/VTAMCHK$
2023-08-06 00:44:26.540003 - Found VTAMOPE$.jcl (text/plain) in CBT.V505.FILE077.PDS, moved to PDS/VTAMOPE$
2023-08-06 00:44:26.540979 - Found VTAMOPER.txt (text/plain) in CBT.V505.FILE077.PDS, moved to PDS/VTAMOPER
2023-08-06 00:44:26.541910 - Found VTAMOPR#.txt (text/plain) in CBT.V505.FILE077.PDS, moved to PDS/VTAMOPR#
2023-08-06 00:44:26.542885 - Found WTC.txt (text/plain) in CBT.V505.FILE077.PDS, moved to PDS/WTC
2023-08-06 00:44:26.543826 - Found WTC$.jcl (text/plain) in CBT.V505.FILE077.PDS, moved to PDS/WTC$
2023-08-06 00:44:26.544757 - Found WTC#.txt (text/plain) in CBT.V505.FILE077.PDS, moved to PDS/WTC#
